CMP202Coursework.obj : error LNK2019: unresolved external symbol "__declspec(dllimport) public: __thiscall sf::String::String(char const *,class std::locale const &)" (__imp_??0String@sf@@QAE@PBDABVlocale@std@@@Z) referenced in function "void __cdecl RunInteractiveMandelbrot(void)" (?RunInteractiveMandelbrot@@YAXXZ)
CMP202Coursework.obj : error LNK2019: unresolved external symbol "__declspec(dllimport) public: __thiscall sf::String::~String(void)" (__imp_??1String@sf@@QAE@XZ) referenced in function "void __cdecl RunInteractiveMandelbrot(void)" (?RunInteractiveMandelbrot@@YAXXZ)
DrawingManager.obj : error LNK2001: unresolved external symbol "__declspec(dllimport) public: __thiscall sf::String::~String(void)" (__imp_??1String@sf@@QAE@XZ)
CMP202Coursework.obj : error LNK2019: unresolved external symbol "__declspec(dllimport) public: __thiscall sf::VideoMode::VideoMode(unsigned int,unsigned int,unsigned int)" (__imp_??0VideoMode@sf@@QAE@III@Z) referenced in function "void __cdecl RunInteractiveMandelbrot(void)" (?RunInteractiveMandelbrot@@YAXXZ)
CMP202Coursework.obj : error LNK2019: unresolved external symbol "__declspec(dllimport) public: void __thiscall sf::Window::close(void)" (__imp_?close@Window@sf@@QAEXXZ) referenced in function "void __cdecl RunInteractiveMandelbrot(void)" (?RunInteractiveMandelbrot@@YAXXZ)
DrawingManager.obj : error LNK2001: unresolved external symbol "__declspec(dllimport) public: void __thiscall sf::Window::close(void)" (__imp_?close@Window@sf@@QAEXXZ)
CMP202Coursework.obj : error LNK2019: unresolved external symbol "__declspec(dllimport) public: bool __thiscall sf::Window::isOpen(void)const " (__imp_?isOpen@Window@sf@@QBE_NXZ) referenced in function "void __cdecl RunInteractiveMandelbrot(void)" (?RunInteractiveMandelbrot@@YAXXZ)
CMP202Coursework.obj : error LNK2019: unresolved external symbol "__declspec(dllimport) public: bool __thiscall sf::Window::pollEvent(class sf::Event &)" (__imp_?pollEvent@Window@sf@@QAE_NAAVEvent@2@@Z) referenced in function "void __cdecl RunInteractiveMandelbrot(void)" (?RunInteractiveMandelbrot@@YAXXZ)
CMP202Coursework.obj : error LNK2019: unresolved external symbol "__declspec(dllimport) public: void __thiscall sf::Window::setFramerateLimit(unsigned int)" (__imp_?setFramerateLimit@Window@sf@@QAEXI@Z) referenced in function "void __cdecl RunInteractiveMandelbrot(void)" (?RunInteractiveMandelbrot@@YAXXZ)
CMP202Coursework.obj : error LNK2019: unresolved external symbol "__declspec(dllimport) public: void __thiscall sf::Window::display(void)" (__imp_?display@Window@sf@@QAEXXZ) referenced in function "void __cdecl RunInteractiveMandelbrot(void)" (?RunInteractiveMandelbrot@@YAXXZ)
CMP202Coursework.obj : error LNK2019: unresolved external symbol "__declspec(dllimport) public: __thiscall sf::Color::Color(unsigned char,unsigned char,unsigned char,unsigned char)" (__imp_??0Color@sf@@QAE@EEEE@Z) referenced in function "void __cdecl RunInteractiveMandelbrot(void)" (?RunInteractiveMandelbrot@@YAXXZ)
DesaturateTileTask.obj : error LNK2001: unresolved external symbol "__declspec(dllimport) public: __thiscall sf::Color::Color(unsigned char,unsigned char,unsigned char,unsigned char)" (__imp_??0Color@sf@@QAE@EEEE@Z)
Mandelbrot.obj : error LNK2001: unresolved external symbol "__declspec(dllimport) public: __thiscall sf::Color::Color(unsigned char,unsigned char,unsigned char,unsigned char)" (__imp_??0Color@sf@@QAE@EEEE@Z)
Tile.obj : error LNK2001: unresolved external symbol "__declspec(dllimport) public: __thiscall sf::Color::Color(unsigned char,unsigned char,unsigned char,unsigned char)" (__imp_??0Color@sf@@QAE@EEEE@Z)
CMP202Coursework.obj : error LNK2019: unresolved external symbol "__declspec(dllimport) public: void __thiscall sf::RenderTarget::clear(class sf::Color const &)" (__imp_?clear@RenderTarget@sf@@QAEXABVColor@2@@Z) referenced in function "void __cdecl RunInteractiveMandelbrot(void)" (?RunInteractiveMandelbrot@@YAXXZ)
CMP202Coursework.obj : error LNK2019: unresolved external symbol "__declspec(dllimport) public: __thiscall sf::RenderWindow::RenderWindow(class sf::VideoMode,class sf::String const &,unsigned int,struct sf::ContextSettings const &)" (__imp_??0RenderWindow@sf@@QAE@VVideoMode@1@ABVString@1@IABUContextSettings@1@@Z) referenced in function "void __cdecl RunInteractiveMandelbrot(void)" (?RunInteractiveMandelbrot@@YAXXZ)
CMP202Coursework.obj : error LNK2019: unresolved external symbol "__declspec(dllimport) public: virtual __thiscall sf::RenderWindow::~RenderWindow(void)" (__imp_??1RenderWindow@sf@@UAE@XZ) referenced in function "void __cdecl RunInteractiveMandelbrot(void)" (?RunInteractiveMandelbrot@@YAXXZ)
DesaturateTileTask.obj : error LNK2019: unresolved external symbol "__declspec(dllimport) public: void __thiscall sf::Sprite::setColor(class sf::Color const &)" (__imp_?setColor@Sprite@sf@@QAEXABVColor@2@@Z) referenced in function "public: virtual void __thiscall DesaturateTileTask::run(void)" (?run@DesaturateTileTask@@UAEXXZ)
Tile.obj : error LNK2001: unresolved external symbol "__declspec(dllimport) public: void __thiscall sf::Sprite::setColor(class sf::Color const &)" (__imp_?setColor@Sprite@sf@@QAEXABVColor@2@@Z)
DrawingManager.obj : error LNK2019: unresolved external symbol "__declspec(dllimport) public: __thiscall sf::String::String(class std::basic_string<char,struct std::char_traits<char>,class std::allocator<char> > const &,class std::locale const &)" (__imp_??0String@sf@@QAE@ABV?$basic_string@DU?$char_traits@D@std@@V?$allocator@D@2@@std@@ABVlocale@3@@Z) referenced in function "public: void __thiscall DrawingManager::Run(void)" (?Run@DrawingManager@@QAEXXZ)
DrawingManager.obj : error LNK2019: unresolved external symbol "__declspec(dllimport) public: __thiscall sf::String::String(wchar_t const *)" (__imp_??0String@sf@@QAE@PB_W@Z) referenced in function "public: __thiscall DrawingManager::DrawingManager(class sf::RenderWindow *,unsigned int,int)" (??0DrawingManager@@QAE@PAVRenderWindow@sf@@IH@Z)
DrawingManager.obj : error LNK2019: unresolved external symbol "__declspec(dllimport) public: static bool __cdecl sf::Keyboard::isKeyPressed(enum sf::Keyboard::Key)" (__imp_?isKeyPressed@Keyboard@sf@@SA_NW4Key@12@@Z) referenced in function "public: void __thiscall DrawingManager::ProcessInput(void)" (?ProcessInput@DrawingManager@@QAEXXZ)
DrawingManager.obj : error LNK2019: unresolved external symbol "__declspec(dllimport) public: void __thiscall sf::Transformable::setPosition(float,float)" (__imp_?setPosition@Transformable@sf@@QAEXMM@Z) referenced in function "public: __thiscall DrawingManager::DrawingManager(class sf::RenderWindow *,unsigned int,int)" (??0DrawingManager@@QAE@PAVRenderWindow@sf@@IH@Z)
Tile.obj : error LNK2001: unresolved external symbol "__declspec(dllimport) public: void __thiscall sf::Transformable::setPosition(float,float)" (__imp_?setPosition@Transformable@sf@@QAEXMM@Z)
DrawingManager.obj : error LNK2019: unresolved external symbol "__declspec(dllimport) public: __thiscall sf::Image::Image(class sf::Image const &)" (__imp_??0Image@sf@@QAE@ABV01@@Z) referenced in function "public: __thiscall Tile::Tile(class Tile const &)" (??0Tile@@QAE@ABV0@@Z)
DrawingManager.obj : error LNK2019: unresolved external symbol "__declspec(dllimport) public: __thiscall sf::Texture::Texture(class sf::Texture const &)" (__imp_??0Texture@sf@@QAE@ABV01@@Z) referenced in function "public: __thiscall Tile::Tile(class Tile const &)" (??0Tile@@QAE@ABV0@@Z)
DrawingManager.obj : error LNK2019: unresolved external symbol "__declspec(dllimport) public: __thiscall sf::Texture::~Texture(void)" (__imp_??1Texture@sf@@QAE@XZ) referenced in function __unwindfunclet$??0Tile@@QAE@ABV0@@Z$1
Tile.obj : error LNK2001: unresolved external symbol "__declspec(dllimport) public: __thiscall sf::Texture::~Texture(void)" (__imp_??1Texture@sf@@QAE@XZ)
DrawingManager.obj : error LNK2019: unresolved external symbol "__declspec(dllimport) public: __thiscall sf::Font::Font(void)" (__imp_??0Font@sf@@QAE@XZ) referenced in function "public: __thiscall DrawingManager::DrawingManager(class sf::RenderWindow *,unsigned int,int)" (??0DrawingManager@@QAE@PAVRenderWindow@sf@@IH@Z)
DrawingManager.obj : error LNK2019: unresolved external symbol "__declspec(dllimport) public: __thiscall sf::Font::~Font(void)" (__imp_??1Font@sf@@QAE@XZ) referenced in function __unwindfunclet$??0DrawingManager@@QAE@PAVRenderWindow@sf@@IH@Z$2
DrawingManager.obj : error LNK2019: unresolved external symbol "__declspec(dllimport) public: bool __thiscall sf::Font::loadFromFile(class std::basic_string<char,struct std::char_traits<char>,class std::allocator<char> > const &)" (__imp_?loadFromFile@Font@sf@@QAE_NABV?$basic_string@DU?$char_traits@D@std@@V?$allocator@D@2@@std@@@Z) referenced in function "public: __thiscall DrawingManager::DrawingManager(class sf::RenderWindow *,unsigned int,int)" (??0DrawingManager@@QAE@PAVRenderWindow@sf@@IH@Z)
DrawingManager.obj : error LNK2019: unresolved external symbol "__declspec(dllimport) public: void __thiscall sf::RenderTarget::draw(class sf::Drawable const &,class sf::RenderStates const &)" (__imp_?draw@RenderTarget@sf@@QAEXABVDrawable@2@ABVRenderStates@2@@Z) referenced in function "public: void __thiscall DrawingManager::DrawGUI(void)" (?DrawGUI@DrawingManager@@QAEXXZ)
DrawingManager.obj : error LNK2019: unresolved external symbol "__declspec(dllimport) public: virtual __thiscall sf::Sprite::~Sprite(void)" (__imp_??1Sprite@sf@@UAE@XZ) referenced in function __unwindfunclet$??0Tile@@QAE@ABV0@@Z$0
Tile.obj : error LNK2001: unresolved external symbol "__declspec(dllimport) public: virtual __thiscall sf::Sprite::~Sprite(void)" (__imp_??1Sprite@sf@@UAE@XZ)
DrawingManager.obj : error LNK2019: unresolved external symbol "__declspec(dllimport) public: __thiscall sf::Sprite::Sprite(class sf::Sprite const &)" (__imp_??0Sprite@sf@@QAE@ABV01@@Z) referenced in function "public: __thiscall Tile::Tile(class Tile const &)" (??0Tile@@QAE@ABV0@@Z)
DrawingManager.obj : error LNK2019: unresolved external symbol "__declspec(dllimport) public: __thiscall sf::Text::Text(void)" (__imp_??0Text@sf@@QAE@XZ) referenced in function "public: __thiscall DrawingManager::DrawingManager(class sf::RenderWindow *,unsigned int,int)" (??0DrawingManager@@QAE@PAVRenderWindow@sf@@IH@Z)
DrawingManager.obj : error LNK2019: unresolved external symbol "__declspec(dllimport) public: void __thiscall sf::Text::setString(class sf::String const &)" (__imp_?setString@Text@sf@@QAEXABVString@2@@Z) referenced in function "public: __thiscall DrawingManager::DrawingManager(class sf::RenderWindow *,unsigned int,int)" (??0DrawingManager@@QAE@PAVRenderWindow@sf@@IH@Z)
DrawingManager.obj : error LNK2019: unresolved external symbol "__declspec(dllimport) public: void __thiscall sf::Text::setFont(class sf::Font const &)" (__imp_?setFont@Text@sf@@QAEXABVFont@2@@Z) referenced in function "public: __thiscall DrawingManager::DrawingManager(class sf::RenderWindow *,unsigned int,int)" (??0DrawingManager@@QAE@PAVRenderWindow@sf@@IH@Z)
DrawingManager.obj : error LNK2019: unresolved external symbol "__declspec(dllimport) public: void __thiscall sf::Text::setCharacterSize(unsigned int)" (__imp_?setCharacterSize@Text@sf@@QAEXI@Z) referenced in function "public: __thiscall DrawingManager::DrawingManager(class sf::RenderWindow *,unsigned int,int)" (??0DrawingManager@@QAE@PAVRenderWindow@sf@@IH@Z)
DrawingManager.obj : error LNK2019: unresolved external symbol "__declspec(dllimport) public: class sf::Rect<float> __thiscall sf::Text::getLocalBounds(void)const " (__imp_?getLocalBounds@Text@sf@@QBE?AV?$Rect@M@2@XZ) referenced in function "public: __thiscall DrawingManager::DrawingManager(class sf::RenderWindow *,unsigned int,int)" (??0DrawingManager@@QAE@PAVRenderWindow@sf@@IH@Z)
DrawingManager.obj : error LNK2019: unresolved external symbol "__declspec(dllimport) public: virtual __thiscall sf::Text::~Text(void)" (__imp_??1Text@sf@@UAE@XZ) referenced in function __unwindfunclet$??0DrawingManager@@QAE@PAVRenderWindow@sf@@IH@Z$3
DrawingManager.obj : error LNK2001: unresolved external symbol "private: virtual void __thiscall sf::Sprite::draw(class sf::RenderTarget &,class sf::RenderStates)const " (?draw@Sprite@sf@@EBEXAAVRenderTarget@2@VRenderStates@2@@Z)
Tile.obj : error LNK2001: unresolved external symbol "private: virtual void __thiscall sf::Sprite::draw(class sf::RenderTarget &,class sf::RenderStates)const " (?draw@Sprite@sf@@EBEXAAVRenderTarget@2@VRenderStates@2@@Z)
DrawingManager.obj : error LNK2001: unresolved external symbol "__declspec(dllimport) public: static class sf::RenderStates const sf::RenderStates::Default" (__imp_?Default@RenderStates@sf@@2V12@B)
Mandelbrot.obj : error LNK2019: unresolved external symbol "__declspec(dllimport) public: void __thiscall sf::Image::setPixel(unsigned int,unsigned int,class sf::Color const &)" (__imp_?setPixel@Image@sf@@QAEXIIABVColor@2@@Z) referenced in function "public: static void __cdecl Mandelbrot::compute_mandelbrot(struct MandelbrotRectangle<double> &,class sf::Rect<int> &,class sf::Image *)" (?compute_mandelbrot@Mandelbrot@@SAXAAU?$MandelbrotRectangle@N@@AAV?$Rect@H@sf@@PAVImage@4@@Z)
Tile.obj : error LNK2019: unresolved external symbol "__declspec(dllimport) public: __thiscall sf::Image::Image(void)" (__imp_??0Image@sf@@QAE@XZ) referenced in function "public: __thiscall Tile::Tile(class sf::Rect<int>,class sf::Vector2<int>,int)" (??0Tile@@QAE@V?$Rect@H@sf@@V?$Vector2@H@2@H@Z)
Tile.obj : error LNK2019: unresolved external symbol "__declspec(dllimport) public: __thiscall sf::Image::~Image(void)" (__imp_??1Image@sf@@QAE@XZ) referenced in function __unwindfunclet$??0Tile@@QAE@V?$Rect@H@sf@@V?$Vector2@H@2@H@Z$2
Tile.obj : error LNK2019: unresolved external symbol "__declspec(dllimport) public: void __thiscall sf::Image::create(unsigned int,unsigned int,class sf::Color const &)" (__imp_?create@Image@sf@@QAEXIIABVColor@2@@Z) referenced in function "public: __thiscall Tile::Tile(class sf::Rect<int>,class sf::Vector2<int>,int)" (??0Tile@@QAE@V?$Rect@H@sf@@V?$Vector2@H@2@H@Z)
Tile.obj : error LNK2019: unresolved external symbol "__declspec(dllimport) public: __thiscall sf::Texture::Texture(void)" (__imp_??0Texture@sf@@QAE@XZ) referenced in function "public: __thiscall Tile::Tile(class sf::Rect<int>,class sf::Vector2<int>,int)" (??0Tile@@QAE@V?$Rect@H@sf@@V?$Vector2@H@2@H@Z)
Tile.obj : error LNK2019: unresolved external symbol "__declspec(dllimport) public: bool __thiscall sf::Texture::loadFromImage(class sf::Image const &,class sf::Rect<int> const &)" (__imp_?loadFromImage@Texture@sf@@QAE_NABVImage@2@ABV?$Rect@H@2@@Z) referenced in function "public: void __thiscall Tile::RedrawTile(void)" (?RedrawTile@Tile@@QAEXXZ)
Tile.obj : error LNK2019: unresolved external symbol "__declspec(dllimport) public: __thiscall sf::Sprite::Sprite(void)" (__imp_??0Sprite@sf@@QAE@XZ) referenced in function "public: __thiscall Tile::Tile(class sf::Rect<int>,class sf::Vector2<int>,int)" (??0Tile@@QAE@V?$Rect@H@sf@@V?$Vector2@H@2@H@Z)
Tile.obj : error LNK2019: unresolved external symbol "__declspec(dllimport) public: void __thiscall sf::Sprite::setTexture(class sf::Texture const &,bool)" (__imp_?setTexture@Sprite@sf@@QAEXABVTexture@2@_N@Z) referenced in function "public: void __thiscall Tile::RedrawTile(void)" (?RedrawTile@Tile@@QAEXXZ)
Tile.obj : error LNK2001: unresolved external symbol "__declspec(dllimport) public: static class sf::Color const sf::Color::White" (__imp_?White@Color@sf@@2V12@B)
C:\Users\Feliks\Documents\Github Public Projects\Interactive-Mandelbrot\Source\SFML-2.5.1\lib\sfml-graphics-s-d.lib : warning LNK4272: library machine type 'x64' conflicts with target machine type 'x86'
C:\Users\Feliks\Documents\Github Public Projects\Interactive-Mandelbrot\Source\SFML-2.5.1\lib\sfml-window-s-d.lib : warning LNK4272: library machine type 'x64' conflicts with target machine type 'x86'
C:\Users\Feliks\Documents\Github Public Projects\Interactive-Mandelbrot\Source\SFML-2.5.1\lib\sfml-system-s-d.lib : warning LNK4272: library machine type 'x64' conflicts with target machine type 'x86'
C:\Users\Feliks\Documents\Github Public Projects\Interactive-Mandelbrot\Source\Debug\CMP202Coursework.exe : fatal error LNK1120: 43 unresolved externals
